2025-11-21 22:26:45 - song_manager - ERROR - Validation error in create_song: [{'type': 'string_too_short', 'loc': ('title',), 'msg': 'String should have at least 1 character', 'input': '', 'ctx': {'min_length': 1}, 'url': 'https://errors.pydantic.dev/2.12/v/string_too_short'}, {'type': 'string_too_short', 'loc': ('artist',), 'msg': 'String should have at least 1 character', 'input': '', 'ctx': {'min_length': 1}, 'url': 'https://errors.pydantic.dev/2.12/v/string_too_short'}]
2025-11-21 22:27:19 - song_manager - INFO - Song found: ID=1, Title='your graduation'
2025-11-21 22:27:53 - song_manager - ERROR - Invalid ID in get_by_id: invalid literal for int() with base 10: 'dsf'
2025-11-22 15:19:30 - song_manager - INFO - Song created: ID=1, Title='Hotel California', Artist='Eagles'
2025-11-22 15:19:30 - song_manager - INFO - Song created: ID=1, Title='Stairway to Heaven', Artist='Led Zeppelin'
2025-11-22 15:19:30 - song_manager - INFO - Song created: ID=1, Title='Test Song', Artist='Test Artist'
2025-11-22 15:19:30 - song_manager - INFO - Song created: ID=1, Title='Imagine', Artist='John Lennon'
2025-11-22 15:19:30 - song_manager - INFO - Song created: ID=1, Title='Test Song', Artist='Test Artist'
2025-11-22 15:19:30 - song_manager - INFO - Song created: ID=1, Title='Test Song', Artist='Test Artist'
2025-11-22 15:19:30 - song_manager - INFO - Song deleted: ID=1, Title='Test Song'
2025-11-22 15:19:30 - song_manager - WARNING - Song not found for deletion: ID=9999
2025-11-22 15:19:30 - song_manager - INFO - Song created: ID=1, Title='Song 1', Artist='Artist 1'
2025-11-22 15:19:30 - song_manager - INFO - Song created: ID=2, Title='Song 2', Artist='Artist 2'
2025-11-22 15:19:30 - song_manager - INFO - Song created: ID=3, Title='Song 3', Artist='Artist 3'
2025-11-22 15:19:30 - song_manager - INFO - Song deleted: ID=2, Title='Song 2'
2025-11-22 15:19:30 - song_manager - INFO - Song created: ID=1, Title='Test Song', Artist='Test Artist'
2025-11-22 15:19:30 - song_manager - INFO - Song found: ID=1, Title='Test Song'
2025-11-22 15:19:30 - song_manager - INFO - Song created: ID=1, Title='Test Song', Artist='Test Artist'
2025-11-22 15:19:30 - song_manager - INFO - Song found: ID=1, Title='Test Song'
2025-11-22 15:19:30 - song_manager - INFO - Song created: ID=1, Title='Test Song', Artist='Test Artist'
2025-11-22 15:19:30 - song_manager - INFO - Song found: ID=1, Title='Test Song'
2025-11-22 15:19:30 - song_manager - WARNING - Song not found: ID=9999
2025-11-22 15:19:30 - song_manager - INFO - Song created: ID=1, Title='Song 1', Artist='Artist 1'
2025-11-22 15:19:30 - song_manager - INFO - Song created: ID=2, Title='Song 2', Artist='Artist 2'
2025-11-22 15:19:30 - song_manager - WARNING - No songs found in the database.
2025-11-22 15:19:30 - song_manager - INFO - Song created: ID=1, Title='Original Title', Artist='Original Artist'
2025-11-22 15:19:30 - song_manager - INFO - Song updated: ID=1, Title='Updated Title'
2025-11-22 15:19:30 - song_manager - INFO - Song created: ID=1, Title='Test Song', Artist='Test Artist'
2025-11-22 15:19:30 - song_manager - INFO - Song updated: ID=1, Title='New Title'
2025-11-22 15:19:30 - song_manager - INFO - Song created: ID=1, Title='Test Song', Artist='Test Artist'
2025-11-22 15:19:30 - song_manager - INFO - Song updated: ID=1, Title='Updated Song'
2025-11-22 15:19:30 - song_manager - WARNING - Song not found for update: ID=9999
2025-11-22 15:19:30 - song_manager - INFO - Song created: ID=1, Title='Test Song', Artist='Test Artist'
2025-11-22 15:19:30 - song_manager - INFO - Song updated: ID=1, Title='Updated Title'
2025-11-22 15:21:00 - song_manager - INFO - Song created: ID=1, Title='Hotel California', Artist='Eagles'
2025-11-22 15:21:00 - song_manager - INFO - Song created: ID=1, Title='Stairway to Heaven', Artist='Led Zeppelin'
2025-11-22 15:21:00 - song_manager - INFO - Song created: ID=1, Title='Test Song', Artist='Test Artist'
2025-11-22 15:21:00 - song_manager - INFO - Song created: ID=1, Title='Imagine', Artist='John Lennon'
2025-11-22 15:21:00 - song_manager - INFO - Song created: ID=1, Title='Test Song', Artist='Test Artist'
2025-11-22 15:21:00 - song_manager - INFO - Song created: ID=1, Title='Test Song', Artist='Test Artist'
2025-11-22 15:21:00 - song_manager - INFO - Song deleted: ID=1, Title='Test Song'
2025-11-22 15:21:00 - song_manager - WARNING - Song not found for deletion: ID=9999
2025-11-22 15:21:00 - song_manager - INFO - Song created: ID=1, Title='Song 1', Artist='Artist 1'
2025-11-22 15:21:00 - song_manager - INFO - Song created: ID=2, Title='Song 2', Artist='Artist 2'
2025-11-22 15:21:00 - song_manager - INFO - Song created: ID=3, Title='Song 3', Artist='Artist 3'
2025-11-22 15:21:00 - song_manager - INFO - Song deleted: ID=2, Title='Song 2'
2025-11-22 15:21:00 - song_manager - INFO - Song created: ID=1, Title='Test Song', Artist='Test Artist'
2025-11-22 15:21:00 - song_manager - INFO - Song found: ID=1, Title='Test Song'
2025-11-22 15:21:00 - song_manager - INFO - Song created: ID=1, Title='Test Song', Artist='Test Artist'
2025-11-22 15:21:00 - song_manager - INFO - Song found: ID=1, Title='Test Song'
2025-11-22 15:21:00 - song_manager - INFO - Song created: ID=1, Title='Test Song', Artist='Test Artist'
2025-11-22 15:21:00 - song_manager - INFO - Song found: ID=1, Title='Test Song'
2025-11-22 15:21:00 - song_manager - WARNING - Song not found: ID=9999
2025-11-22 15:21:00 - song_manager - INFO - Song created: ID=1, Title='Song 1', Artist='Artist 1'
2025-11-22 15:21:00 - song_manager - INFO - Song created: ID=2, Title='Song 2', Artist='Artist 2'
2025-11-22 15:21:00 - song_manager - WARNING - No songs found in the database.
2025-11-22 15:21:00 - song_manager - INFO - Song created: ID=1, Title='Original Title', Artist='Original Artist'
2025-11-22 15:21:00 - song_manager - INFO - Song updated: ID=1, Title='Updated Title'
2025-11-22 15:21:00 - song_manager - INFO - Song created: ID=1, Title='Test Song', Artist='Test Artist'
2025-11-22 15:21:00 - song_manager - INFO - Song updated: ID=1, Title='New Title'
2025-11-22 15:21:00 - song_manager - INFO - Song created: ID=1, Title='Test Song', Artist='Test Artist'
2025-11-22 15:21:00 - song_manager - INFO - Song updated: ID=1, Title='Updated Song'
2025-11-22 15:21:00 - song_manager - WARNING - Song not found for update: ID=9999
2025-11-22 15:21:00 - song_manager - INFO - Song created: ID=1, Title='Test Song', Artist='Test Artist'
2025-11-22 15:21:00 - song_manager - INFO - Song updated: ID=1, Title='Updated Title'
2025-11-22 15:43:35 - song_manager - INFO - Song created: ID=1, Title='Hotel California', Artist='Eagles'
2025-11-22 15:43:35 - song_manager - INFO - Song created: ID=1, Title='Stairway to Heaven', Artist='Led Zeppelin'
2025-11-22 15:43:35 - song_manager - INFO - Song created: ID=1, Title='Test Song', Artist='Test Artist'
2025-11-22 15:43:35 - song_manager - INFO - Song created: ID=1, Title='Imagine', Artist='John Lennon'
2025-11-22 15:43:35 - song_manager - INFO - Song created: ID=1, Title='Test Song', Artist='Test Artist'
2025-11-22 15:43:35 - song_manager - INFO - Song created: ID=1, Title='Test Song', Artist='Test Artist'
2025-11-22 15:43:35 - song_manager - INFO - Song deleted: ID=1, Title='Test Song'
2025-11-22 15:43:35 - song_manager - WARNING - Song not found for deletion: ID=9999
2025-11-22 15:43:35 - song_manager - INFO - Song created: ID=1, Title='Song 1', Artist='Artist 1'
2025-11-22 15:43:35 - song_manager - INFO - Song created: ID=2, Title='Song 2', Artist='Artist 2'
2025-11-22 15:43:35 - song_manager - INFO - Song created: ID=3, Title='Song 3', Artist='Artist 3'
2025-11-22 15:43:35 - song_manager - INFO - Song deleted: ID=2, Title='Song 2'
2025-11-22 15:43:35 - song_manager - INFO - Song created: ID=1, Title='Test Song', Artist='Test Artist'
2025-11-22 15:43:35 - song_manager - INFO - Song found: ID=1, Title='Test Song'
2025-11-22 15:43:35 - song_manager - INFO - Song created: ID=1, Title='Test Song', Artist='Test Artist'
2025-11-22 15:43:35 - song_manager - INFO - Song found: ID=1, Title='Test Song'
2025-11-22 15:43:35 - song_manager - INFO - Song created: ID=1, Title='Test Song', Artist='Test Artist'
2025-11-22 15:43:35 - song_manager - INFO - Song found: ID=1, Title='Test Song'
2025-11-22 15:43:35 - song_manager - WARNING - Song not found: ID=9999
2025-11-22 15:43:35 - song_manager - INFO - Song created: ID=1, Title='Song 1', Artist='Artist 1'
2025-11-22 15:43:35 - song_manager - INFO - Song created: ID=2, Title='Song 2', Artist='Artist 2'
2025-11-22 15:43:35 - song_manager - WARNING - No songs found in the database.
2025-11-22 15:43:35 - song_manager - INFO - Song created: ID=1, Title='Original Title', Artist='Original Artist'
2025-11-22 15:43:35 - song_manager - INFO - Song updated: ID=1, Title='Updated Title'
2025-11-22 15:43:35 - song_manager - INFO - Song created: ID=1, Title='Test Song', Artist='Test Artist'
2025-11-22 15:43:35 - song_manager - INFO - Song updated: ID=1, Title='New Title'
2025-11-22 15:43:35 - song_manager - INFO - Song created: ID=1, Title='Test Song', Artist='Test Artist'
2025-11-22 15:43:35 - song_manager - INFO - Song updated: ID=1, Title='Updated Song'
2025-11-22 15:43:35 - song_manager - WARNING - Song not found for update: ID=9999
2025-11-22 15:43:35 - song_manager - INFO - Song created: ID=1, Title='Test Song', Artist='Test Artist'
2025-11-22 15:43:35 - song_manager - INFO - Song updated: ID=1, Title='Updated Title'
2025-11-22 16:15:54 - song_manager - INFO - Song created: ID=1, Title='Hotel California', Artist='Eagles'
2025-11-22 16:15:54 - song_manager - INFO - Song created: ID=1, Title='Stairway to Heaven', Artist='Led Zeppelin'
2025-11-22 16:15:54 - song_manager - INFO - Song created: ID=1, Title='Test Song', Artist='Test Artist'
2025-11-22 16:15:54 - song_manager - INFO - Song created: ID=1, Title='Imagine', Artist='John Lennon'
2025-11-22 16:15:54 - song_manager - INFO - Song created: ID=1, Title='Test Song', Artist='Test Artist'
2025-11-22 16:15:54 - song_manager - INFO - Song created: ID=1, Title='Test Song', Artist='Test Artist'
2025-11-22 16:15:54 - song_manager - INFO - Song deleted: ID=1, Title='Test Song'
2025-11-22 16:15:54 - song_manager - WARNING - Song not found for deletion: ID=9999
2025-11-22 16:15:54 - song_manager - INFO - Song created: ID=1, Title='Song 1', Artist='Artist 1'
2025-11-22 16:15:54 - song_manager - INFO - Song created: ID=2, Title='Song 2', Artist='Artist 2'
2025-11-22 16:15:54 - song_manager - INFO - Song created: ID=3, Title='Song 3', Artist='Artist 3'
2025-11-22 16:15:54 - song_manager - INFO - Song deleted: ID=2, Title='Song 2'
2025-11-22 16:15:54 - song_manager - INFO - Song created: ID=1, Title='Test Song', Artist='Test Artist'
2025-11-22 16:15:54 - song_manager - INFO - Song found: ID=1, Title='Test Song'
2025-11-22 16:15:54 - song_manager - INFO - Song created: ID=1, Title='Test Song', Artist='Test Artist'
2025-11-22 16:15:54 - song_manager - INFO - Song found: ID=1, Title='Test Song'
2025-11-22 16:15:54 - song_manager - INFO - Song created: ID=1, Title='Test Song', Artist='Test Artist'
2025-11-22 16:15:54 - song_manager - INFO - Song found: ID=1, Title='Test Song'
2025-11-22 16:15:54 - song_manager - WARNING - Song not found: ID=9999
2025-11-22 16:15:54 - song_manager - INFO - Song created: ID=1, Title='Song 1', Artist='Artist 1'
2025-11-22 16:15:54 - song_manager - INFO - Song created: ID=2, Title='Song 2', Artist='Artist 2'
2025-11-22 16:15:54 - song_manager - WARNING - No songs found in the database.
2025-11-22 16:15:54 - song_manager - INFO - Song created: ID=1, Title='Original Title', Artist='Original Artist'
2025-11-22 16:15:54 - song_manager - INFO - Song updated: ID=1, Title='Updated Title'
2025-11-22 16:15:54 - song_manager - INFO - Song created: ID=1, Title='Test Song', Artist='Test Artist'
2025-11-22 16:15:54 - song_manager - INFO - Song updated: ID=1, Title='New Title'
2025-11-22 16:15:54 - song_manager - INFO - Song created: ID=1, Title='Test Song', Artist='Test Artist'
2025-11-22 16:15:54 - song_manager - INFO - Song updated: ID=1, Title='Updated Song'
2025-11-22 16:15:54 - song_manager - WARNING - Song not found for update: ID=9999
2025-11-22 16:15:54 - song_manager - INFO - Song created: ID=1, Title='Test Song', Artist='Test Artist'
2025-11-22 16:15:54 - song_manager - INFO - Song updated: ID=1, Title='Updated Title'
2025-11-22 16:19:07 - song_manager - INFO - Song created: ID=1, Title='Hotel California', Artist='Eagles'
2025-11-22 16:19:07 - song_manager - INFO - Song created: ID=1, Title='Stairway to Heaven', Artist='Led Zeppelin'
2025-11-22 16:19:07 - song_manager - INFO - Song created: ID=1, Title='Test Song', Artist='Test Artist'
2025-11-22 16:19:07 - song_manager - INFO - Song created: ID=1, Title='Imagine', Artist='John Lennon'
2025-11-22 16:19:07 - song_manager - INFO - Song created: ID=1, Title='Test Song', Artist='Test Artist'
2025-11-22 16:19:07 - song_manager - INFO - Song created: ID=1, Title='Test Song', Artist='Test Artist'
2025-11-22 16:19:07 - song_manager - INFO - Song deleted: ID=1, Title='Test Song'
2025-11-22 16:19:07 - song_manager - WARNING - Song not found for deletion: ID=9999
2025-11-22 16:19:07 - song_manager - INFO - Song created: ID=1, Title='Song 1', Artist='Artist 1'
2025-11-22 16:19:07 - song_manager - INFO - Song created: ID=2, Title='Song 2', Artist='Artist 2'
2025-11-22 16:19:07 - song_manager - INFO - Song created: ID=3, Title='Song 3', Artist='Artist 3'
2025-11-22 16:19:07 - song_manager - INFO - Song deleted: ID=2, Title='Song 2'
2025-11-22 16:19:07 - song_manager - INFO - Song created: ID=1, Title='Test Song', Artist='Test Artist'
2025-11-22 16:19:07 - song_manager - INFO - Song found: ID=1, Title='Test Song'
2025-11-22 16:19:07 - song_manager - INFO - Song created: ID=1, Title='Test Song', Artist='Test Artist'
2025-11-22 16:19:07 - song_manager - INFO - Song found: ID=1, Title='Test Song'
2025-11-22 16:19:07 - song_manager - INFO - Song created: ID=1, Title='Test Song', Artist='Test Artist'
2025-11-22 16:19:07 - song_manager - INFO - Song found: ID=1, Title='Test Song'
2025-11-22 16:19:07 - song_manager - WARNING - Song not found: ID=9999
2025-11-22 16:19:07 - song_manager - INFO - Song created: ID=1, Title='Song 1', Artist='Artist 1'
2025-11-22 16:19:07 - song_manager - INFO - Song created: ID=2, Title='Song 2', Artist='Artist 2'
2025-11-22 16:19:07 - song_manager - WARNING - No songs found in the database.
2025-11-22 16:19:07 - song_manager - INFO - Song created: ID=1, Title='Original Title', Artist='Original Artist'
2025-11-22 16:19:07 - song_manager - INFO - Song updated: ID=1, Title='Updated Title'
2025-11-22 16:19:07 - song_manager - INFO - Song created: ID=1, Title='Test Song', Artist='Test Artist'
2025-11-22 16:19:07 - song_manager - INFO - Song updated: ID=1, Title='New Title'
2025-11-22 16:19:07 - song_manager - INFO - Song created: ID=1, Title='Test Song', Artist='Test Artist'
2025-11-22 16:19:07 - song_manager - INFO - Song updated: ID=1, Title='Updated Song'
2025-11-22 16:19:07 - song_manager - WARNING - Song not found for update: ID=9999
2025-11-22 16:19:07 - song_manager - INFO - Song created: ID=1, Title='Test Song', Artist='Test Artist'
2025-11-22 16:19:07 - song_manager - INFO - Song updated: ID=1, Title='Updated Title'
2025-11-22 19:19:51 - song_manager - INFO - Song deleted: ID=3, Title='war is coming'
